Build started 03-Jul-16 09:21:16 PM.
     1>Project "G:\GitHub\WellProjections\WellProjections\WellProjections.vcxproj" on node 2 (Build target(s)).
     1>ClCompile:
         F:\Microsoft Visual Studio\VC\bin\CL.exe /c /Ic:\CoinDir /IC:\CoinDir\bin /IC:\CoinDir\Include\Inventor /IC:\CoinDir\include /ZI /nologo /W3 /WX- /Od /Oy- /D WIN32 /D _DEBUG /D _CONSOLE /D _LIB /D COIN_DLL /D SOWIN_DLL /D _UNICODE /D UNICODE /Gm /EHsc /RTC1 /MDd /GS /fp:precise /Zc:wchar_t /Zc:forScope /Zc:inline /Fo"Debug\\" /Fd"Debug\vc140.pdb" /Gd /TP /analyze- /errorReport:prompt Main.cpp ProjectionBox.cpp Well.cpp
         Well.cpp
     1>g:\github\wellprojections\wellprojections\projections.h(58): warning C4244: '=': conversion from 'float' to 'int', possible loss of data
     1>g:\github\wellprojections\wellprojections\well.cpp(35): warning C4996: 'fopen': This function or variable may be unsafe. Consider using fopen_s instead. To disable deprecation, use _CRT_SECURE_NO_WARNINGS. See online help for details.
         c:\program files (x86)\windows kits\10\include\10.0.10150.0\ucrt\stdio.h(205): note: see declaration of 'fopen'
     1>g:\github\wellprojections\wellprojections\well.cpp(52): warning C4996: 'sscanf': This function or variable may be unsafe. Consider using sscanf_s instead. To disable deprecation, use _CRT_SECURE_NO_WARNINGS. See online help for details.
         c:\program files (x86)\windows kits\10\include\10.0.10150.0\ucrt\stdio.h(2254): note: see declaration of 'sscanf'
     1>g:\github\wellprojections\wellprojections\well.cpp(61): warning C4996: 'sscanf': This function or variable may be unsafe. Consider using sscanf_s instead. To disable deprecation, use _CRT_SECURE_NO_WARNINGS. See online help for details.
         c:\program files (x86)\windows kits\10\include\10.0.10150.0\ucrt\stdio.h(2254): note: see declaration of 'sscanf'
     1>g:\github\wellprojections\wellprojections\well.cpp(78): warning C4101: 'index': unreferenced local variable
     1>g:\github\wellprojections\wellprojections\well.cpp(118): warning C4244: 'initializing': conversion from 'double' to 'float', possible loss of data
     1>g:\github\wellprojections\wellprojections\well.cpp(119): warning C4244: 'initializing': conversion from 'double' to 'float', possible loss of data
     1>g:\github\wellprojections\wellprojections\well.cpp(127): warning C4305: 'argument': truncation from 'double' to 'float'
     1>g:\github\wellprojections\wellprojections\well.cpp(128): warning C4305: 'argument': truncation from 'double' to 'float'
     1>g:\github\wellprojections\wellprojections\well.cpp(129): warning C4305: 'argument': truncation from 'double' to 'float'
     1>g:\github\wellprojections\wellprojections\well.cpp(130): warning C4305: 'argument': truncation from 'double' to 'float'
     1>g:\github\wellprojections\wellprojections\well.cpp(177): warning C4244: 'argument': conversion from 'float' to 'int', possible loss of data
     1>g:\github\wellprojections\wellprojections\well.cpp(205): warning C4244: '+=': conversion from 'double' to 'float', possible loss of data
         ProjectionBox.cpp
     1>g:\github\wellprojections\wellprojections\projections.h(58): warning C4244: '=': conversion from 'float' to 'int', possible loss of data
     1>g:\github\wellprojections\wellprojections\projectionbox.cpp(61): warning C4244: 'initializing': conversion from 'int' to 'float', possible loss of data
     1>g:\github\wellprojections\wellprojections\projectionbox.cpp(63): warning C4244: '=': conversion from 'int' to 'float', possible loss of data
     1>g:\github\wellprojections\wellprojections\projectionbox.cpp(69): warning C4244: 'argument': conversion from 'int' to 'float', possible loss of data
     1>g:\github\wellprojections\wellprojections\projectionbox.cpp(70): warning C4244: 'argument': conversion from 'int' to 'float', possible loss of data
     1>g:\github\wellprojections\wellprojections\projectionbox.cpp(71): warning C4305: 'argument': truncation from 'double' to 'float'
     1>g:\github\wellprojections\wellprojections\projectionbox.cpp(75): warning C4244: 'argument': conversion from 'int' to 'float', possible loss of data
     1>g:\github\wellprojections\wellprojections\projectionbox.cpp(76): warning C4244: 'argument': conversion from 'int' to 'float', possible loss of data
     1>g:\github\wellprojections\wellprojections\projectionbox.cpp(77): warning C4244: 'argument': conversion from 'float' to 'int', possible loss of data
     1>g:\github\wellprojections\wellprojections\projectionbox.cpp(77): warning C4305: 'argument': truncation from 'double' to 'float'
     1>g:\github\wellprojections\wellprojections\projectionbox.cpp(81): warning C4244: 'argument': conversion from 'int' to 'float', possible loss of data
     1>g:\github\wellprojections\wellprojections\projectionbox.cpp(82): warning C4244: 'argument': conversion from 'int' to 'float', possible loss of data
     1>g:\github\wellprojections\wellprojections\projectionbox.cpp(83): warning C4305: 'argument': truncation from 'double' to 'float'
     1>g:\github\wellprojections\wellprojections\projectionbox.cpp(91): warning C4244: 'argument': conversion from 'int' to 'float', possible loss of data
     1>g:\github\wellprojections\wellprojections\projectionbox.cpp(92): warning C4244: 'argument': conversion from 'int' to 'float', possible loss of data
     1>g:\github\wellprojections\wellprojections\projectionbox.cpp(93): warning C4244: 'argument': conversion from 'int' to 'float', possible loss of data
     1>g:\github\wellprojections\wellprojections\projectionbox.cpp(93): warning C4305: 'argument': truncation from 'double' to 'float'
     1>g:\github\wellprojections\wellprojections\projectionbox.cpp(99): warning C4244: 'argument': conversion from 'int' to 'float', possible loss of data
     1>g:\github\wellprojections\wellprojections\projectionbox.cpp(100): warning C4244: 'argument': conversion from 'int' to 'float', possible loss of data
     1>g:\github\wellprojections\wellprojections\projectionbox.cpp(101): warning C4244: 'argument': conversion from 'int' to 'float', possible loss of data
     1>g:\github\wellprojections\wellprojections\projectionbox.cpp(101): warning C4305: 'argument': truncation from 'double' to 'float'
     1>g:\github\wellprojections\wellprojections\projectionbox.cpp(109): warning C4244: 'argument': conversion from 'int' to 'float', possible loss of data
     1>g:\github\wellprojections\wellprojections\projectionbox.cpp(110): warning C4244: 'argument': conversion from 'int' to 'float', possible loss of data
     1>g:\github\wellprojections\wellprojections\projectionbox.cpp(111): warning C4244: 'argument': conversion from 'float' to 'int', possible loss of data
     1>g:\github\wellprojections\wellprojections\projectionbox.cpp(111): warning C4244: 'argument': conversion from 'int' to 'float', possible loss of data
     1>g:\github\wellprojections\wellprojections\projectionbox.cpp(111): warning C4305: 'argument': truncation from 'double' to 'float'
     1>g:\github\wellprojections\wellprojections\projectionbox.cpp(115): warning C4244: 'argument': conversion from 'int' to 'float', possible loss of data
     1>g:\github\wellprojections\wellprojections\projectionbox.cpp(116): warning C4244: 'argument': conversion from 'int' to 'float', possible loss of data
     1>g:\github\wellprojections\wellprojections\projectionbox.cpp(117): warning C4244: 'argument': conversion from 'int' to 'float', possible loss of data
     1>g:\github\wellprojections\wellprojections\projectionbox.cpp(117): warning C4305: 'argument': truncation from 'double' to 'float'
     1>g:\github\wellprojections\wellprojections\projectionbox.cpp(124): warning C4244: 'argument': conversion from 'int' to 'float', possible loss of data
     1>g:\github\wellprojections\wellprojections\projectionbox.cpp(125): warning C4244: 'argument': conversion from 'int' to 'float', possible loss of data
     1>g:\github\wellprojections\wellprojections\projectionbox.cpp(126): warning C4244: 'argument': conversion from 'float' to 'int', possible loss of data
     1>g:\github\wellprojections\wellprojections\projectionbox.cpp(126): warning C4244: 'argument': conversion from 'int' to 'float', possible loss of data
     1>g:\github\wellprojections\wellprojections\projectionbox.cpp(126): warning C4305: 'argument': truncation from 'double' to 'float'
     1>g:\github\wellprojections\wellprojections\projectionbox.cpp(130): warning C4244: 'argument': conversion from 'int' to 'float', possible loss of data
     1>g:\github\wellprojections\wellprojections\projectionbox.cpp(131): warning C4244: 'argument': conversion from 'int' to 'float', possible loss of data
     1>g:\github\wellprojections\wellprojections\projectionbox.cpp(132): warning C4244: 'argument': conversion from 'int' to 'float', possible loss of data
     1>g:\github\wellprojections\wellprojections\projectionbox.cpp(132): warning C4305: 'argument': truncation from 'double' to 'float'
     1>g:\github\wellprojections\wellprojections\projectionbox.cpp(139): warning C4244: 'argument': conversion from 'int' to 'float', possible loss of data
     1>g:\github\wellprojections\wellprojections\projectionbox.cpp(140): warning C4244: 'argument': conversion from 'int' to 'float', possible loss of data
     1>g:\github\wellprojections\wellprojections\projectionbox.cpp(141): warning C4244: 'argument': conversion from 'int' to 'float', possible loss of data
     1>g:\github\wellprojections\wellprojections\projectionbox.cpp(141): warning C4305: 'argument': truncation from 'double' to 'float'
     1>g:\github\wellprojections\wellprojections\projectionbox.cpp(145): warning C4244: 'argument': conversion from 'int' to 'float', possible loss of data
     1>g:\github\wellprojections\wellprojections\projectionbox.cpp(146): warning C4244: 'argument': conversion from 'int' to 'float', possible loss of data
     1>g:\github\wellprojections\wellprojections\projectionbox.cpp(147): warning C4244: 'argument': conversion from 'int' to 'float', possible loss of data
     1>g:\github\wellprojections\wellprojections\projectionbox.cpp(147): warning C4305: 'argument': truncation from 'double' to 'float'
     1>g:\github\wellprojections\wellprojections\projectionbox.cpp(151): warning C4244: 'argument': conversion from 'int' to 'float', possible loss of data
     1>g:\github\wellprojections\wellprojections\projectionbox.cpp(152): warning C4244: 'argument': conversion from 'int' to 'float', possible loss of data
     1>g:\github\wellprojections\wellprojections\projectionbox.cpp(153): warning C4244: 'argument': conversion from 'float' to 'int', possible loss of data
     1>g:\github\wellprojections\wellprojections\projectionbox.cpp(153): warning C4244: 'argument': conversion from 'int' to 'float', possible loss of data
     1>g:\github\wellprojections\wellprojections\projectionbox.cpp(153): warning C4305: 'argument': truncation from 'double' to 'float'
     1>g:\github\wellprojections\wellprojections\projectionbox.cpp(71): warning C4996: 'itoa': The POSIX name for this item is deprecated. Instead, use the ISO C and C++ conformant name: _itoa. See online help for details.
         c:\program files (x86)\windows kits\10\include\10.0.10150.0\ucrt\stdlib.h(1316): note: see declaration of 'itoa'
     1>g:\github\wellprojections\wellprojections\projectionbox.cpp(77): warning C4996: 'itoa': The POSIX name for this item is deprecated. Instead, use the ISO C and C++ conformant name: _itoa. See online help for details.
         c:\program files (x86)\windows kits\10\include\10.0.10150.0\ucrt\stdlib.h(1316): note: see declaration of 'itoa'
     1>g:\github\wellprojections\wellprojections\projectionbox.cpp(83): warning C4996: 'itoa': The POSIX name for this item is deprecated. Instead, use the ISO C and C++ conformant name: _itoa. See online help for details.
         c:\program files (x86)\windows kits\10\include\10.0.10150.0\ucrt\stdlib.h(1316): note: see declaration of 'itoa'
     1>g:\github\wellprojections\wellprojections\projectionbox.cpp(93): warning C4996: 'itoa': The POSIX name for this item is deprecated. Instead, use the ISO C and C++ conformant name: _itoa. See online help for details.
         c:\program files (x86)\windows kits\10\include\10.0.10150.0\ucrt\stdlib.h(1316): note: see declaration of 'itoa'
     1>g:\github\wellprojections\wellprojections\projectionbox.cpp(101): warning C4996: 'itoa': The POSIX name for this item is deprecated. Instead, use the ISO C and C++ conformant name: _itoa. See online help for details.
         c:\program files (x86)\windows kits\10\include\10.0.10150.0\ucrt\stdlib.h(1316): note: see declaration of 'itoa'
     1>g:\github\wellprojections\wellprojections\projectionbox.cpp(111): warning C4996: 'itoa': The POSIX name for this item is deprecated. Instead, use the ISO C and C++ conformant name: _itoa. See online help for details.
         c:\program files (x86)\windows kits\10\include\10.0.10150.0\ucrt\stdlib.h(1316): note: see declaration of 'itoa'
     1>g:\github\wellprojections\wellprojections\projectionbox.cpp(117): warning C4996: 'itoa': The POSIX name for this item is deprecated. Instead, use the ISO C and C++ conformant name: _itoa. See online help for details.
         c:\program files (x86)\windows kits\10\include\10.0.10150.0\ucrt\stdlib.h(1316): note: see declaration of 'itoa'
     1>g:\github\wellprojections\wellprojections\projectionbox.cpp(126): warning C4996: 'itoa': The POSIX name for this item is deprecated. Instead, use the ISO C and C++ conformant name: _itoa. See online help for details.
         c:\program files (x86)\windows kits\10\include\10.0.10150.0\ucrt\stdlib.h(1316): note: see declaration of 'itoa'
     1>g:\github\wellprojections\wellprojections\projectionbox.cpp(132): warning C4996: 'itoa': The POSIX name for this item is deprecated. Instead, use the ISO C and C++ conformant name: _itoa. See online help for details.
         c:\program files (x86)\windows kits\10\include\10.0.10150.0\ucrt\stdlib.h(1316): note: see declaration of 'itoa'
     1>g:\github\wellprojections\wellprojections\projectionbox.cpp(141): warning C4996: 'itoa': The POSIX name for this item is deprecated. Instead, use the ISO C and C++ conformant name: _itoa. See online help for details.
         c:\program files (x86)\windows kits\10\include\10.0.10150.0\ucrt\stdlib.h(1316): note: see declaration of 'itoa'
     1>g:\github\wellprojections\wellprojections\projectionbox.cpp(147): warning C4996: 'itoa': The POSIX name for this item is deprecated. Instead, use the ISO C and C++ conformant name: _itoa. See online help for details.
         c:\program files (x86)\windows kits\10\include\10.0.10150.0\ucrt\stdlib.h(1316): note: see declaration of 'itoa'
     1>g:\github\wellprojections\wellprojections\projectionbox.cpp(153): warning C4996: 'itoa': The POSIX name for this item is deprecated. Instead, use the ISO C and C++ conformant name: _itoa. See online help for details.
         c:\program files (x86)\windows kits\10\include\10.0.10150.0\ucrt\stdlib.h(1316): note: see declaration of 'itoa'
     1>g:\github\wellprojections\wellprojections\projectionbox.cpp(164): warning C4244: '=': conversion from 'float' to 'int', possible loss of data
     1>g:\github\wellprojections\wellprojections\projectionbox.cpp(165): warning C4244: '=': conversion from 'float' to 'int', possible loss of data
     1>g:\github\wellprojections\wellprojections\projectionbox.cpp(166): warning C4244: '=': conversion from 'float' to 'int', possible loss of data
     1>g:\github\wellprojections\wellprojections\projectionbox.cpp(179): warning C4244: 'argument': conversion from 'int' to 'float', possible loss of data
     1>g:\github\wellprojections\wellprojections\projectionbox.cpp(181): warning C4244: 'argument': conversion from 'int' to 'float', possible loss of data
     1>g:\github\wellprojections\wellprojections\projectionbox.cpp(183): warning C4244: 'argument': conversion from 'int' to 'float', possible loss of data
     1>g:\github\wellprojections\wellprojections\projectionbox.cpp(185): warning C4244: 'argument': conversion from 'int' to 'float', possible loss of data
     1>g:\github\wellprojections\wellprojections\projectionbox.cpp(186): warning C4244: 'argument': conversion from 'int' to 'float', possible loss of data
     1>g:\github\wellprojections\wellprojections\projectionbox.cpp(187): warning C4244: 'argument': conversion from 'int' to 'float', possible loss of data
     1>g:\github\wellprojections\wellprojections\projectionbox.cpp(188): warning C4244: 'argument': conversion from 'int' to 'float', possible loss of data
     1>g:\github\wellprojections\wellprojections\projectionbox.cpp(189): warning C4244: 'argument': conversion from 'int' to 'float', possible loss of data
     1>g:\github\wellprojections\wellprojections\projectionbox.cpp(190): warning C4244: 'argument': conversion from 'int' to 'float', possible loss of data
     1>g:\github\wellprojections\wellprojections\projectionbox.cpp(191): warning C4244: 'argument': conversion from 'int' to 'float', possible loss of data
     1>g:\github\wellprojections\wellprojections\projectionbox.cpp(192): warning C4244: 'argument': conversion from 'int' to 'float', possible loss of data
     1>g:\github\wellprojections\wellprojections\projectionbox.cpp(193): warning C4244: 'argument': conversion from 'int' to 'float', possible loss of data
     1>g:\github\wellprojections\wellprojections\projectionbox.cpp(201): warning C4244: 'argument': conversion from 'int' to 'float', possible loss of data
     1>g:\github\wellprojections\wellprojections\projectionbox.cpp(205): warning C4244: 'argument': conversion from 'int' to 'float', possible loss of data
     1>g:\github\wellprojections\wellprojections\projectionbox.cpp(209): warning C4244: 'argument': conversion from 'int' to 'float', possible loss of data
     1>g:\github\wellprojections\wellprojections\projectionbox.cpp(213): warning C4244: 'argument': conversion from 'int' to 'float', possible loss of data
     1>g:\github\wellprojections\wellprojections\projectionbox.cpp(217): warning C4244: 'argument': conversion from 'int' to 'float', possible loss of data
     1>g:\github\wellprojections\wellprojections\projectionbox.cpp(221): warning C4244: 'argument': conversion from 'int' to 'float', possible loss of data
     1>g:\github\wellprojections\wellprojections\projectionbox.cpp(225): warning C4244: 'argument': conversion from 'int' to 'float', possible loss of data
     1>g:\github\wellprojections\wellprojections\projectionbox.cpp(229): warning C4244: 'argument': conversion from 'int' to 'float', possible loss of data
     1>g:\github\wellprojections\wellprojections\projectionbox.cpp(233): warning C4244: 'argument': conversion from 'int' to 'float', possible loss of data
     1>g:\github\wellprojections\wellprojections\projectionbox.cpp(237): warning C4244: 'argument': conversion from 'int' to 'float', possible loss of data
     1>g:\github\wellprojections\wellprojections\projectionbox.cpp(241): warning C4244: 'argument': conversion from 'int' to 'float', possible loss of data
     1>g:\github\wellprojections\wellprojections\projectionbox.cpp(245): warning C4244: 'argument': conversion from 'int' to 'float', possible loss of data
     1>g:\github\wellprojections\wellprojections\projectionbox.cpp(251): warning C4244: 'argument': conversion from 'double' to 'int', possible loss of data
     1>g:\github\wellprojections\wellprojections\projectionbox.cpp(255): warning C4244: 'argument': conversion from 'double' to 'int', possible loss of data
     1>g:\github\wellprojections\wellprojections\projectionbox.cpp(259): warning C4244: 'argument': conversion from 'double' to 'int', possible loss of data
     1>g:\github\wellprojections\wellprojections\projectionbox.cpp(264): warning C4244: 'argument': conversion from 'double' to 'int', possible loss of data
     1>g:\github\wellprojections\wellprojections\projectionbox.cpp(268): warning C4244: 'argument': conversion from 'double' to 'int', possible loss of data
     1>g:\github\wellprojections\wellprojections\projectionbox.cpp(272): warning C4244: 'argument': conversion from 'double' to 'int', possible loss of data
     1>g:\github\wellprojections\wellprojections\projectionbox.cpp(276): warning C4244: 'argument': conversion from 'double' to 'int', possible loss of data
     1>g:\github\wellprojections\wellprojections\projectionbox.cpp(280): warning C4244: 'argument': conversion from 'double' to 'int', possible loss of data
     1>g:\github\wellprojections\wellprojections\projectionbox.cpp(284): warning C4244: 'argument': conversion from 'double' to 'int', possible loss of data
     1>g:\github\wellprojections\wellprojections\projectionbox.cpp(288): warning C4244: 'argument': conversion from 'double' to 'int', possible loss of data
     1>g:\github\wellprojections\wellprojections\projectionbox.cpp(292): warning C4244: 'argument': conversion from 'double' to 'int', possible loss of data
     1>g:\github\wellprojections\wellprojections\projectionbox.cpp(296): warning C4244: 'argument': conversion from 'double' to 'int', possible loss of data
     1>g:\github\wellprojections\wellprojections\projectionbox.cpp(317): warning C4305: '=': truncation from 'double' to 'float'
     1>g:\github\wellprojections\wellprojections\projectionbox.cpp(319): warning C4305: '=': truncation from 'double' to 'float'
         Main.cpp
     1>g:\github\wellprojections\wellprojections\projections.h(58): warning C4244: '=': conversion from 'float' to 'int', possible loss of data
         Generating Code...
       Link:
         F:\Microsoft Visual Studio\VC\bin\link.exe /ERRORREPORT:PROMPT /OUT:"G:\GitHub\WellProjections\Debug\WellProjections.exe" /INCREMENTAL /NOLOGO /LIBPATH:C:\CoinDir\lib /LIBPATH:C:\CoinDir\bin /LIBPATH:C:\CoinDir\bin /LIBPATH:C:\CoinDir\lib coin3d.lib sowin1d.lib kernel32.lib user32.lib gdi32.lib winspool.lib comdlg32.lib advapi32.lib shell32.lib ole32.lib oleaut32.lib uuid.lib odbc32.lib odbccp32.lib kernel32.lib user32.lib gdi32.lib winspool.lib comdlg32.lib advapi32.lib shell32.lib ole32.lib oleaut32.lib uuid.lib odbc32.lib odbccp32.lib kernel32.lib user32.lib gdi32.lib winspool.lib comdlg32.lib advapi32.lib shell32.lib ole32.lib oleaut32.lib uuid.lib odbc32.lib odbccp32.lib /MANIFEST /MANIFESTUAC:"level='asInvoker' uiAccess='false'" /manifest:embed /Debug /PDB:"G:\GitHub\WellProjections\Debug\WellProjections.pdb" /SUBSYSTEM:CONSOLE /TLBID:1 /DYNAMICBASE /NXCOMPAT /IMPLIB:"G:\GitHub\WellProjections\Debug\WellProjections.lib" /MACHINE:X86 Debug\Main.obj
         Debug\ProjectionBox.obj
         Debug\Well.obj
         WellProjections.vcxproj -> G:\GitHub\WellProjections\Debug\WellProjections.exe
     1>Done Building Project "G:\GitHub\WellProjections\WellProjections\WellProjections.vcxproj" (Build target(s)).

Build succeeded.

Time Elapsed 00:00:08.62
